Arguments: 
  /usr/local/bin/node /usr/local/Cellar/yarn/1.22.10/libexec/bin/yarn.js add sass

PATH: 
  /usr/local/bin:/System/Cryptexes/App/usr/bin:/usr/bin:/bin:/usr/sbin:/sbin

Yarn version: 
  1.22.10

Node version: 
  17.8.0

Platform: 
  darwin x64

Trace: 
  Error: read ECONNABORTED
      at TLSWrap.onStreamRead (node:internal/stream_base_commons:217:20)

npm manifest: 
  {
    "name": "api_route_next",
    "version": "0.1.0",
    "private": true,
    "scripts": {
      "dev": "next dev",
      "build": "next build",
      "start": "next start",
      "lint": "next lint"
    },
    "dependencies": {
      "@types/node": "20.3.1",
      "@types/react": "18.2.12",
      "@types/react-dom": "18.2.5",
      "autoprefixer": "10.4.14",
      "eslint": "8.42.0",
      "eslint-config-next": "13.4.5",
      "next": "13.4.5",
      "postcss": "8.4.24",
      "react": "18.2.0",
      "react-dom": "18.2.0",
      "tailwindcss": "3.3.2",
      "typescript": "5.1.3"
    }
  }

yarn manifest: 
  No manifest

Lockfile: 
  No lockfile
